Name                                                                                                           Stmts   Miss Branch BrPart  Cover   Missing
----------------------------------------------------------------------------------------------------------------------------------------------------------
/usr/local/lib/python2.7/site-packages/biopython-1.66-py2.7-macosx-10.10-x86_64.egg/Bio/Alphabet/__init__.py     193    142     94     14    28%   8-35, 38-158, 164-216, 220-239, 243, 249-264, 278-292, 295, 299, 344-349, 353-358, 361-364, 368, 370, 372, 376, 397, 402, 404-406, 410, 414-443, 161->164, 242->243, 276->278, 293->295, 342->344, 351->353, 360->361, 367->368, 369->370, 371->372, 396->397, 401->402, 403->404, 409->410
/usr/local/lib/python2.7/site-packages/biopython-1.66-py2.7-macosx-10.10-x86_64.egg/Bio/Data/CodonTable.py       304    269    105      3    11%   4-192, 209, 213-320, 327, 347-935, 207->213, 208->209, 326->327
/usr/local/lib/python2.7/site-packages/biopython-1.66-py2.7-macosx-10.10-x86_64.egg/Bio/Seq.py                   539    464    272     17    14%   8-84, 110, 115, 130, 140-155, 193, 198-223, 227, 239, 293, 301-308, 322-328, 333-728, 762, 770, 772, 779, 814-883, 962, 968, 978, 984-989, 997, 1012-1951, 2023-2035, 2050, 2055-2059, 2064-2199, 109->110, 189->196, 191->193, 291->293, 298->301, 320->322, 329->333, 761->762, 767->770, 771->772, 961->962, 966->968, 976->978, 995->997, 2022->2023, 2048->2055, 2049->2050
/usr/local/lib/python2.7/site-packages/biopython-1.66-py2.7-macosx-10.10-x86_64.egg/Bio/pairwise2.py             385    249    180     22    33%   6-201, 206-211, 216-217, 220-221, 236, 238, 248, 254, 263-286, 312, 315, 319, 321-324, 340, 359, 376-597, 621-623, 631, 648, 660-661, 668, 673, 681, 685, 707-718, 732-733, 736-737, 743-753, 764-769, 773-788, 792, 798-827, 829, 833, 838, 847-895, 204->207, 205->206, 235->236, 237->238, 253->254, 258->263, 331->340, 358->359, 618->621, 630->631, 644->649, 645->648, 659->660, 667->668, 677->681, 695->697, 701->703, 724->723, 730->732, 735->736, 828->829, 842->844
----------------------------------------------------------------------------------------------------------------------------------------------------------
TOTAL                                                                                                           1421   1124    651     56    21%   
